<?xml version="1.0" encoding="UTF-8"?>
<testng-results ignored="0" total="1" passed="1" failed="0" skipped="0">
  <reporter-output>
  </reporter-output>
  <suite started-at="2023-04-24T12:43:06Z" name="Default suite" finished-at="2023-04-24T12:44:52Z" duration-ms="105700">
    <groups>
    </groups>
    <test started-at="2023-04-24T12:43:06Z" name="Default test" finished-at="2023-04-24T12:44:52Z" duration-ms="105700">
      <class name="com.JD.testScripts.TestEnd_to_End">
        <test-method is-config="true" signature="beforeM()[pri:0, instance:com.JD.testScripts.TestEnd_to_End@34c01041]" started-at="2023-04-24T12:43:06Z" name="beforeM" finished-at="2023-04-24T12:43:30Z" duration-ms="23897" status="PASS">
          <reporter-output>
          </reporter-output>
        </test-method> <!-- beforeM -->
        <test-method signature="flightBooking()[pri:0, instance:com.JD.testScripts.TestEnd_to_End@34c01041]" started-at="2023-04-24T12:43:30Z" name="flightBooking" finished-at="2023-04-24T12:44:52Z" duration-ms="81766" status="PASS">
          <reporter-output>
          </reporter-output>
        </test-method> <!-- flightBooking -->
        <test-method is-config="true" signature="afterM()[pri:0, instance:com.JD.testScripts.TestEnd_to_End@34c01041]" started-at="2023-04-24T12:44:52Z" name="afterM" finished-at="2023-04-24T12:44:52Z" duration-ms="0" status="PASS">
          <reporter-output>
          </reporter-output>
        </test-method> <!-- afterM -->
      </class> <!-- com.JD.testScripts.TestEnd_to_End -->
    </test> <!-- Default test -->
  </suite> <!-- Default suite -->
</testng-results>
