<?xml version="1.0" encoding="UTF-8"?>
<testng-results ignored="0" total="1" passed="1" failed="0" skipped="0">
  <reporter-output>
  </reporter-output>
  <suite started-at="2023-04-25T13:28:35Z" name="Default suite" finished-at="2023-04-25T13:31:02Z" duration-ms="146947">
    <groups>
    </groups>
    <test started-at="2023-04-25T13:28:35Z" name="Default test" finished-at="2023-04-25T13:31:02Z" duration-ms="146947">
      <class name="com.JD.testScripts.TestEnd_to_End2">
        <test-method is-config="true" signature="beforeM()[pri:0, instance:com.JD.testScripts.TestEnd_to_End2@34c01041]" started-at="2023-04-25T13:28:35Z" name="beforeM" finished-at="2023-04-25T13:28:56Z" duration-ms="21264" status="PASS">
          <reporter-output>
          </reporter-output>
        </test-method> <!-- beforeM -->
        <test-method signature="flightBooking()[pri:0, instance:com.JD.testScripts.TestEnd_to_End2@34c01041]" started-at="2023-04-25T13:28:56Z" name="flightBooking" finished-at="2023-04-25T13:31:02Z" duration-ms="125639" status="PASS">
          <reporter-output>
          </reporter-output>
        </test-method> <!-- flightBooking -->
        <test-method is-config="true" signature="afterM()[pri:0, instance:com.JD.testScripts.TestEnd_to_End2@34c01041]" started-at="2023-04-25T13:31:02Z" name="afterM" finished-at="2023-04-25T13:31:02Z" duration-ms="1" status="PASS">
          <reporter-output>
          </reporter-output>
        </test-method> <!-- afterM -->
      </class> <!-- com.JD.testScripts.TestEnd_to_End2 -->
    </test> <!-- Default test -->
  </suite> <!-- Default suite -->
</testng-results>
