<?xml version="1.0" encoding="UTF-8"?>
<!-- Generated by org.testng.reporters.JUnitXMLReporter -->
<testsuite ignored="0" hostname="Manikanta_A" failures="6" tests="10" name="Test" time="552.268" errors="0" timestamp="21 Apr 2023 13:26:17 GMT">
  <testcase classname="com.BBapp.test_Scripts.TC_004" name="test4" time="41.601">
    <failure type="org.openqa.selenium.NoSuchElementException" message="An element could not be located on the page using the given search parameters.
For documentation on this error, please visit: https://www.seleniumhq.org/exceptions/no_such_element.html
Build info: version: &amp;apos;3.141.59&amp;apos;, revision: &amp;apos;e82be7d358&amp;apos;, time: &amp;apos;2018-11-14T08:17:03&amp;apos;
System info: host: &amp;apos;MANIKANTA_A&amp;apos;, ip: &amp;apos;192.168.0.111&amp;apos;, os.name: &amp;apos;Windows 11&amp;apos;, os.arch: &amp;apos;amd64&amp;apos;, os.version: &amp;apos;10.0&amp;apos;, java.version: &amp;apos;17.0.5&amp;apos;
Driver info: io.appium.java_client.android.AndroidDriver
Capabilities {appActivity: com.bigbasket.mobileapp.act..., appPackage: com.bigbasket.mobileapp, automationName: uiautomator2, databaseEnabled: false, desired: {appActivity: com.bigbasket.mobileapp.act..., appPackage: com.bigbasket.mobileapp, automationName: uiautomator2, deviceName: myphone, platformName: android, platformVersion: 12.0.0, udid: 98dfb6d6}, deviceApiLevel: 31, deviceManufacturer: Xiaomi, deviceModel: M2007J17I, deviceName: 98dfb6d6, deviceScreenDensity: 440, deviceScreenSize: 1080x2400, deviceUDID: 98dfb6d6, javascriptEnabled: true, locationContextEnabled: false, networkConnectionEnabled: true, pixelRatio: 2.75, platform: LINUX, platformName: Android, platformVersion: 12, statBarHeight: 91, takesScreenshot: true, udid: 98dfb6d6, viewportRect: {height: 2174, left: 0, top: 91, width: 1080}, warnings: {}, webStorageEnabled: false}
Session ID: 1472b4bb-381a-428d-a029-08223a5a5604
*** Element info: {Using=xpath, value=//android.widget.TextView[@text=&amp;apos;Categories&amp;apos;]}">
      <![CDATA[org.openqa.selenium.NoSuchElementException: An element could not be located on the page using the given search parameters.
For documentation on this error, please visit: https://www.seleniumhq.org/exceptions/no_such_element.html
Build info: version: '3.141.59', revision: 'e82be7d358', time: '2018-11-14T08:17:03'
System info: host: 'MANIKANTA_A', ip: '192.168.0.111', os.name: 'Windows 11', os.arch: 'amd64', os.version: '10.0', java.version: '17.0.5'
Driver info: io.appium.java_client.android.AndroidDriver
Capabilities {appActivity: com.bigbasket.mobileapp.act..., appPackage: com.bigbasket.mobileapp, automationName: uiautomator2, databaseEnabled: false, desired: {appActivity: com.bigbasket.mobileapp.act..., appPackage: com.bigbasket.mobileapp, automationName: uiautomator2, deviceName: myphone, platformName: android, platformVersion: 12.0.0, udid: 98dfb6d6}, deviceApiLevel: 31, deviceManufacturer: Xiaomi, deviceModel: M2007J17I, deviceName: 98dfb6d6, deviceScreenDensity: 440, deviceScreenSize: 1080x2400, deviceUDID: 98dfb6d6, javascriptEnabled: true, locationContextEnabled: false, networkConnectionEnabled: true, pixelRatio: 2.75, platform: LINUX, platformName: Android, platformVersion: 12, statBarHeight: 91, takesScreenshot: true, udid: 98dfb6d6, viewportRect: {height: 2174, left: 0, top: 91, width: 1080}, warnings: {}, webStorageEnabled: false}
Session ID: 1472b4bb-381a-428d-a029-08223a5a5604
*** Element info: {Using=xpath, value=//android.widget.TextView[@text='Categories']}
at org.openqa.selenium.remote.http.W3CHttpResponseCodec.createException(W3CHttpResponseCodec.java:187)
at org.openqa.selenium.remote.http.W3CHttpResponseCodec.decode(W3CHttpResponseCodec.java:122)
at org.openqa.selenium.remote.http.W3CHttpResponseCodec.decode(W3CHttpResponseCodec.java:49)
at org.openqa.selenium.remote.HttpCommandExecutor.execute(HttpCommandExecutor.java:158)
at io.appium.java_client.remote.AppiumCommandExecutor.execute(AppiumCommandExecutor.java:231)
at org.openqa.selenium.remote.RemoteWebDriver.execute(RemoteWebDriver.java:552)
at io.appium.java_client.DefaultGenericMobileDriver.execute(DefaultGenericMobileDriver.java:42)
at io.appium.java_client.AppiumDriver.execute(AppiumDriver.java:1)
at io.appium.java_client.android.AndroidDriver.execute(AndroidDriver.java:1)
at org.openqa.selenium.remote.RemoteWebDriver.findElement(RemoteWebDriver.java:323)
at io.appium.java_client.DefaultGenericMobileDriver.findElement(DefaultGenericMobileDriver.java:62)
at io.appium.java_client.AppiumDriver.findElement(AppiumDriver.java:1)
at io.appium.java_client.android.AndroidDriver.findElement(AndroidDriver.java:1)
at org.openqa.selenium.remote.RemoteWebDriver.findElementByXPath(RemoteWebDriver.java:428)
at io.appium.java_client.DefaultGenericMobileDriver.findElementByXPath(DefaultGenericMobileDriver.java:152)
at io.appium.java_client.AppiumDriver.findElementByXPath(AppiumDriver.java:1)
at io.appium.java_client.android.AndroidDriver.findElementByXPath(AndroidDriver.java:1)
at com.BBapp.test_Scripts.TC_004.test4(TC_004.java:45)
... Removed 30 stack frames]]>
    </failure>
  </testcase> <!-- test4 -->
  <testcase classname="com.BBapp.test_Scripts.TC_003" name="test_03" time="32.63"/>
  <testcase classname="com.BBapp.test_Scripts.Test009" name="test09" time="31.912"/>
  <testcase classname="com.BBapp.test_Scripts.TC_010" name="test010" time="30.404">
    <failure type="org.openqa.selenium.NoSuchElementException" message="An element could not be located on the page using the given search parameters.
For documentation on this error, please visit: https://www.seleniumhq.org/exceptions/no_such_element.html
Build info: version: &amp;apos;3.141.59&amp;apos;, revision: &amp;apos;e82be7d358&amp;apos;, time: &amp;apos;2018-11-14T08:17:03&amp;apos;
System info: host: &amp;apos;MANIKANTA_A&amp;apos;, ip: &amp;apos;192.168.0.111&amp;apos;, os.name: &amp;apos;Windows 11&amp;apos;, os.arch: &amp;apos;amd64&amp;apos;, os.version: &amp;apos;10.0&amp;apos;, java.version: &amp;apos;17.0.5&amp;apos;
Driver info: io.appium.java_client.android.AndroidDriver
Capabilities {appActivity: com.bigbasket.mobileapp.act..., appPackage: com.bigbasket.mobileapp, automationName: uiautomator2, databaseEnabled: false, desired: {appActivity: com.bigbasket.mobileapp.act..., appPackage: com.bigbasket.mobileapp, automationName: uiautomator2, deviceName: myphone, platformName: android, platformVersion: 12.0.0, udid: 98dfb6d6}, deviceApiLevel: 31, deviceManufacturer: Xiaomi, deviceModel: M2007J17I, deviceName: 98dfb6d6, deviceScreenDensity: 440, deviceScreenSize: 1080x2400, deviceUDID: 98dfb6d6, javascriptEnabled: true, locationContextEnabled: false, networkConnectionEnabled: true, pixelRatio: 2.75, platform: LINUX, platformName: Android, platformVersion: 12, statBarHeight: 91, takesScreenshot: true, udid: 98dfb6d6, viewportRect: {height: 2174, left: 0, top: 91, width: 1080}, warnings: {}, webStorageEnabled: false}
Session ID: 49a03c3c-fc24-4e87-808d-57711124335d
*** Element info: {Using=xpath, value=//android.widget.TextView[@text=&amp;apos;Continue as guest&amp;apos;]}">
      <![CDATA[org.openqa.selenium.NoSuchElementException: An element could not be located on the page using the given search parameters.
For documentation on this error, please visit: https://www.seleniumhq.org/exceptions/no_such_element.html
Build info: version: '3.141.59', revision: 'e82be7d358', time: '2018-11-14T08:17:03'
System info: host: 'MANIKANTA_A', ip: '192.168.0.111', os.name: 'Windows 11', os.arch: 'amd64', os.version: '10.0', java.version: '17.0.5'
Driver info: io.appium.java_client.android.AndroidDriver
Capabilities {appActivity: com.bigbasket.mobileapp.act..., appPackage: com.bigbasket.mobileapp, automationName: uiautomator2, databaseEnabled: false, desired: {appActivity: com.bigbasket.mobileapp.act..., appPackage: com.bigbasket.mobileapp, automationName: uiautomator2, deviceName: myphone, platformName: android, platformVersion: 12.0.0, udid: 98dfb6d6}, deviceApiLevel: 31, deviceManufacturer: Xiaomi, deviceModel: M2007J17I, deviceName: 98dfb6d6, deviceScreenDensity: 440, deviceScreenSize: 1080x2400, deviceUDID: 98dfb6d6, javascriptEnabled: true, locationContextEnabled: false, networkConnectionEnabled: true, pixelRatio: 2.75, platform: LINUX, platformName: Android, platformVersion: 12, statBarHeight: 91, takesScreenshot: true, udid: 98dfb6d6, viewportRect: {height: 2174, left: 0, top: 91, width: 1080}, warnings: {}, webStorageEnabled: false}
Session ID: 49a03c3c-fc24-4e87-808d-57711124335d
*** Element info: {Using=xpath, value=//android.widget.TextView[@text='Continue as guest']}
at org.openqa.selenium.remote.http.W3CHttpResponseCodec.createException(W3CHttpResponseCodec.java:187)
at org.openqa.selenium.remote.http.W3CHttpResponseCodec.decode(W3CHttpResponseCodec.java:122)
at org.openqa.selenium.remote.http.W3CHttpResponseCodec.decode(W3CHttpResponseCodec.java:49)
at org.openqa.selenium.remote.HttpCommandExecutor.execute(HttpCommandExecutor.java:158)
at io.appium.java_client.remote.AppiumCommandExecutor.execute(AppiumCommandExecutor.java:231)
at org.openqa.selenium.remote.RemoteWebDriver.execute(RemoteWebDriver.java:552)
at io.appium.java_client.DefaultGenericMobileDriver.execute(DefaultGenericMobileDriver.java:42)
at io.appium.java_client.AppiumDriver.execute(AppiumDriver.java:1)
at io.appium.java_client.android.AndroidDriver.execute(AndroidDriver.java:1)
at org.openqa.selenium.remote.RemoteWebDriver.findElement(RemoteWebDriver.java:323)
at io.appium.java_client.DefaultGenericMobileDriver.findElement(DefaultGenericMobileDriver.java:62)
at io.appium.java_client.AppiumDriver.findElement(AppiumDriver.java:1)
at io.appium.java_client.android.AndroidDriver.findElement(AndroidDriver.java:1)
at org.openqa.selenium.remote.RemoteWebDriver.findElementByXPath(RemoteWebDriver.java:428)
at io.appium.java_client.DefaultGenericMobileDriver.findElementByXPath(DefaultGenericMobileDriver.java:152)
at io.appium.java_client.AppiumDriver.findElementByXPath(AppiumDriver.java:1)
at io.appium.java_client.android.AndroidDriver.findElementByXPath(AndroidDriver.java:1)
at com.BBapp.test_Scripts.TC_010.test010(TC_010.java:20)
... Removed 30 stack frames]]>
    </failure>
  </testcase> <!-- test010 -->
  <testcase classname="com.BBapp.test_Scripts.Test001" name="test1" time="30.187">
    <failure type="org.openqa.selenium.NoSuchElementException" message="An element could not be located on the page using the given search parameters.
For documentation on this error, please visit: https://www.seleniumhq.org/exceptions/no_such_element.html
Build info: version: &amp;apos;3.141.59&amp;apos;, revision: &amp;apos;e82be7d358&amp;apos;, time: &amp;apos;2018-11-14T08:17:03&amp;apos;
System info: host: &amp;apos;MANIKANTA_A&amp;apos;, ip: &amp;apos;192.168.0.111&amp;apos;, os.name: &amp;apos;Windows 11&amp;apos;, os.arch: &amp;apos;amd64&amp;apos;, os.version: &amp;apos;10.0&amp;apos;, java.version: &amp;apos;17.0.5&amp;apos;
Driver info: io.appium.java_client.android.AndroidDriver
Capabilities {appActivity: com.bigbasket.mobileapp.act..., appPackage: com.bigbasket.mobileapp, automationName: uiautomator2, databaseEnabled: false, desired: {appActivity: com.bigbasket.mobileapp.act..., appPackage: com.bigbasket.mobileapp, automationName: uiautomator2, deviceName: myphone, platformName: android, platformVersion: 12.0.0, udid: 98dfb6d6}, deviceApiLevel: 31, deviceManufacturer: Xiaomi, deviceModel: M2007J17I, deviceName: 98dfb6d6, deviceScreenDensity: 440, deviceScreenSize: 1080x2400, deviceUDID: 98dfb6d6, javascriptEnabled: true, locationContextEnabled: false, networkConnectionEnabled: true, pixelRatio: 2.75, platform: LINUX, platformName: Android, platformVersion: 12, statBarHeight: 91, takesScreenshot: true, udid: 98dfb6d6, viewportRect: {height: 2174, left: 0, top: 91, width: 1080}, warnings: {}, webStorageEnabled: false}
Session ID: 6b5989e9-d0d8-42b3-a307-6352bacd81f4
*** Element info: {Using=xpath, value=//android.widget.TextView[@text=&amp;apos;Continue as guest&amp;apos;]}">
      <![CDATA[org.openqa.selenium.NoSuchElementException: An element could not be located on the page using the given search parameters.
For documentation on this error, please visit: https://www.seleniumhq.org/exceptions/no_such_element.html
Build info: version: '3.141.59', revision: 'e82be7d358', time: '2018-11-14T08:17:03'
System info: host: 'MANIKANTA_A', ip: '192.168.0.111', os.name: 'Windows 11', os.arch: 'amd64', os.version: '10.0', java.version: '17.0.5'
Driver info: io.appium.java_client.android.AndroidDriver
Capabilities {appActivity: com.bigbasket.mobileapp.act..., appPackage: com.bigbasket.mobileapp, automationName: uiautomator2, databaseEnabled: false, desired: {appActivity: com.bigbasket.mobileapp.act..., appPackage: com.bigbasket.mobileapp, automationName: uiautomator2, deviceName: myphone, platformName: android, platformVersion: 12.0.0, udid: 98dfb6d6}, deviceApiLevel: 31, deviceManufacturer: Xiaomi, deviceModel: M2007J17I, deviceName: 98dfb6d6, deviceScreenDensity: 440, deviceScreenSize: 1080x2400, deviceUDID: 98dfb6d6, javascriptEnabled: true, locationContextEnabled: false, networkConnectionEnabled: true, pixelRatio: 2.75, platform: LINUX, platformName: Android, platformVersion: 12, statBarHeight: 91, takesScreenshot: true, udid: 98dfb6d6, viewportRect: {height: 2174, left: 0, top: 91, width: 1080}, warnings: {}, webStorageEnabled: false}
Session ID: 6b5989e9-d0d8-42b3-a307-6352bacd81f4
*** Element info: {Using=xpath, value=//android.widget.TextView[@text='Continue as guest']}
at org.openqa.selenium.remote.http.W3CHttpResponseCodec.createException(W3CHttpResponseCodec.java:187)
at org.openqa.selenium.remote.http.W3CHttpResponseCodec.decode(W3CHttpResponseCodec.java:122)
at org.openqa.selenium.remote.http.W3CHttpResponseCodec.decode(W3CHttpResponseCodec.java:49)
at org.openqa.selenium.remote.HttpCommandExecutor.execute(HttpCommandExecutor.java:158)
at io.appium.java_client.remote.AppiumCommandExecutor.execute(AppiumCommandExecutor.java:231)
at org.openqa.selenium.remote.RemoteWebDriver.execute(RemoteWebDriver.java:552)
at io.appium.java_client.DefaultGenericMobileDriver.execute(DefaultGenericMobileDriver.java:42)
at io.appium.java_client.AppiumDriver.execute(AppiumDriver.java:1)
at io.appium.java_client.android.AndroidDriver.execute(AndroidDriver.java:1)
at org.openqa.selenium.remote.RemoteWebDriver.findElement(RemoteWebDriver.java:323)
at io.appium.java_client.DefaultGenericMobileDriver.findElement(DefaultGenericMobileDriver.java:62)
at io.appium.java_client.AppiumDriver.findElement(AppiumDriver.java:1)
at io.appium.java_client.android.AndroidDriver.findElement(AndroidDriver.java:1)
at org.openqa.selenium.remote.RemoteWebDriver.findElementByXPath(RemoteWebDriver.java:428)
at io.appium.java_client.DefaultGenericMobileDriver.findElementByXPath(DefaultGenericMobileDriver.java:152)
at io.appium.java_client.AppiumDriver.findElementByXPath(AppiumDriver.java:1)
at io.appium.java_client.android.AndroidDriver.findElementByXPath(AndroidDriver.java:1)
at com.BBapp.test_Scripts.Test001.test1(Test001.java:16)
... Removed 30 stack frames]]>
    </failure>
  </testcase> <!-- test1 -->
  <testcase classname="com.BBapp.test_Scripts.Test_002" name="test" time="95.925">
    <failure type="org.openqa.selenium.NoSuchElementException" message="An element could not be located on the page using the given search parameters.
For documentation on this error, please visit: https://www.seleniumhq.org/exceptions/no_such_element.html
Build info: version: &amp;apos;3.141.59&amp;apos;, revision: &amp;apos;e82be7d358&amp;apos;, time: &amp;apos;2018-11-14T08:17:03&amp;apos;
System info: host: &amp;apos;MANIKANTA_A&amp;apos;, ip: &amp;apos;192.168.0.111&amp;apos;, os.name: &amp;apos;Windows 11&amp;apos;, os.arch: &amp;apos;amd64&amp;apos;, os.version: &amp;apos;10.0&amp;apos;, java.version: &amp;apos;17.0.5&amp;apos;
Driver info: io.appium.java_client.android.AndroidDriver
Capabilities {appActivity: com.bigbasket.mobileapp.act..., appPackage: com.bigbasket.mobileapp, automationName: uiautomator2, databaseEnabled: false, desired: {appActivity: com.bigbasket.mobileapp.act..., appPackage: com.bigbasket.mobileapp, automationName: uiautomator2, deviceName: myphone, platformName: android, platformVersion: 12.0.0, udid: 98dfb6d6}, deviceApiLevel: 31, deviceManufacturer: Xiaomi, deviceModel: M2007J17I, deviceName: 98dfb6d6, deviceScreenDensity: 440, deviceScreenSize: 1080x2400, deviceUDID: 98dfb6d6, javascriptEnabled: true, locationContextEnabled: false, networkConnectionEnabled: true, pixelRatio: 2.75, platform: LINUX, platformName: Android, platformVersion: 12, statBarHeight: 91, takesScreenshot: true, udid: 98dfb6d6, viewportRect: {height: 2174, left: 0, top: 91, width: 1080}, warnings: {}, webStorageEnabled: false}
Session ID: e7686b22-3975-40a0-8f4b-76bfcde4339c
*** Element info: {Using=xpath, value=//android.widget.TextView[@text=&amp;apos;Mango - Alphonso, Ratnagiri&amp;apos;]}">
      <![CDATA[org.openqa.selenium.NoSuchElementException: An element could not be located on the page using the given search parameters.
For documentation on this error, please visit: https://www.seleniumhq.org/exceptions/no_such_element.html
Build info: version: '3.141.59', revision: 'e82be7d358', time: '2018-11-14T08:17:03'
System info: host: 'MANIKANTA_A', ip: '192.168.0.111', os.name: 'Windows 11', os.arch: 'amd64', os.version: '10.0', java.version: '17.0.5'
Driver info: io.appium.java_client.android.AndroidDriver
Capabilities {appActivity: com.bigbasket.mobileapp.act..., appPackage: com.bigbasket.mobileapp, automationName: uiautomator2, databaseEnabled: false, desired: {appActivity: com.bigbasket.mobileapp.act..., appPackage: com.bigbasket.mobileapp, automationName: uiautomator2, deviceName: myphone, platformName: android, platformVersion: 12.0.0, udid: 98dfb6d6}, deviceApiLevel: 31, deviceManufacturer: Xiaomi, deviceModel: M2007J17I, deviceName: 98dfb6d6, deviceScreenDensity: 440, deviceScreenSize: 1080x2400, deviceUDID: 98dfb6d6, javascriptEnabled: true, locationContextEnabled: false, networkConnectionEnabled: true, pixelRatio: 2.75, platform: LINUX, platformName: Android, platformVersion: 12, statBarHeight: 91, takesScreenshot: true, udid: 98dfb6d6, viewportRect: {height: 2174, left: 0, top: 91, width: 1080}, warnings: {}, webStorageEnabled: false}
Session ID: e7686b22-3975-40a0-8f4b-76bfcde4339c
*** Element info: {Using=xpath, value=//android.widget.TextView[@text='Mango - Alphonso, Ratnagiri']}
at org.openqa.selenium.remote.http.W3CHttpResponseCodec.createException(W3CHttpResponseCodec.java:187)
at org.openqa.selenium.remote.http.W3CHttpResponseCodec.decode(W3CHttpResponseCodec.java:122)
at org.openqa.selenium.remote.http.W3CHttpResponseCodec.decode(W3CHttpResponseCodec.java:49)
at org.openqa.selenium.remote.HttpCommandExecutor.execute(HttpCommandExecutor.java:158)
at io.appium.java_client.remote.AppiumCommandExecutor.execute(AppiumCommandExecutor.java:231)
at org.openqa.selenium.remote.RemoteWebDriver.execute(RemoteWebDriver.java:552)
at io.appium.java_client.DefaultGenericMobileDriver.execute(DefaultGenericMobileDriver.java:42)
at io.appium.java_client.AppiumDriver.execute(AppiumDriver.java:1)
at io.appium.java_client.android.AndroidDriver.execute(AndroidDriver.java:1)
at org.openqa.selenium.remote.RemoteWebDriver.findElement(RemoteWebDriver.java:323)
at io.appium.java_client.DefaultGenericMobileDriver.findElement(DefaultGenericMobileDriver.java:62)
at io.appium.java_client.AppiumDriver.findElement(AppiumDriver.java:1)
at io.appium.java_client.android.AndroidDriver.findElement(AndroidDriver.java:1)
at org.openqa.selenium.remote.RemoteWebDriver.findElementByXPath(RemoteWebDriver.java:428)
at io.appium.java_client.DefaultGenericMobileDriver.findElementByXPath(DefaultGenericMobileDriver.java:152)
at io.appium.java_client.AppiumDriver.findElementByXPath(AppiumDriver.java:1)
at io.appium.java_client.android.AndroidDriver.findElementByXPath(AndroidDriver.java:1)
at org.openqa.selenium.By$ByXPath.findElement(By.java:353)
at org.openqa.selenium.remote.RemoteWebDriver.findElement(RemoteWebDriver.java:315)
at io.appium.java_client.DefaultGenericMobileDriver.findElement(DefaultGenericMobileDriver.java:58)
at io.appium.java_client.AppiumDriver.findElement(AppiumDriver.java:1)
at io.appium.java_client.android.AndroidDriver.findElement(AndroidDriver.java:1)
at com.BBapp.test_Scripts.Test_002.test(Test_002.java:49)
... Removed 30 stack frames]]>
    </failure>
  </testcase> <!-- test -->
  <testcase classname="com.BBapp.test_Scripts.tc008" name="test8" time="34.906"/>
  <testcase classname="com.BBapp.test_Scripts.Test006" name="test6" time="53.666">
    <failure type="org.openqa.selenium.NoSuchElementException" message="An element could not be located on the page using the given search parameters.
For documentation on this error, please visit: https://www.seleniumhq.org/exceptions/no_such_element.html
Build info: version: &amp;apos;3.141.59&amp;apos;, revision: &amp;apos;e82be7d358&amp;apos;, time: &amp;apos;2018-11-14T08:17:03&amp;apos;
System info: host: &amp;apos;MANIKANTA_A&amp;apos;, ip: &amp;apos;192.168.0.111&amp;apos;, os.name: &amp;apos;Windows 11&amp;apos;, os.arch: &amp;apos;amd64&amp;apos;, os.version: &amp;apos;10.0&amp;apos;, java.version: &amp;apos;17.0.5&amp;apos;
Driver info: io.appium.java_client.android.AndroidDriver
Capabilities {appActivity: com.bigbasket.mobileapp.act..., appPackage: com.bigbasket.mobileapp, automationName: uiautomator2, databaseEnabled: false, desired: {appActivity: com.bigbasket.mobileapp.act..., appPackage: com.bigbasket.mobileapp, automationName: uiautomator2, deviceName: myphone, platformName: android, platformVersion: 12.0.0, udid: 98dfb6d6}, deviceApiLevel: 31, deviceManufacturer: Xiaomi, deviceModel: M2007J17I, deviceName: 98dfb6d6, deviceScreenDensity: 440, deviceScreenSize: 1080x2400, deviceUDID: 98dfb6d6, javascriptEnabled: true, locationContextEnabled: false, networkConnectionEnabled: true, pixelRatio: 2.75, platform: LINUX, platformName: Android, platformVersion: 12, statBarHeight: 91, takesScreenshot: true, udid: 98dfb6d6, viewportRect: {height: 2174, left: 0, top: 91, width: 1080}, warnings: {}, webStorageEnabled: false}
Session ID: 2d1eff54-2828-4dec-8da1-d756e53b716d
*** Element info: {Using=xpath, value=//androidx.recyclerview.widget.RecyclerView[@resource-id=&amp;apos;com.bigbasket.mobileapp:id/listCategory&amp;apos;]/android.widget.ImageView[3]}">
      <![CDATA[org.openqa.selenium.NoSuchElementException: An element could not be located on the page using the given search parameters.
For documentation on this error, please visit: https://www.seleniumhq.org/exceptions/no_such_element.html
Build info: version: '3.141.59', revision: 'e82be7d358', time: '2018-11-14T08:17:03'
System info: host: 'MANIKANTA_A', ip: '192.168.0.111', os.name: 'Windows 11', os.arch: 'amd64', os.version: '10.0', java.version: '17.0.5'
Driver info: io.appium.java_client.android.AndroidDriver
Capabilities {appActivity: com.bigbasket.mobileapp.act..., appPackage: com.bigbasket.mobileapp, automationName: uiautomator2, databaseEnabled: false, desired: {appActivity: com.bigbasket.mobileapp.act..., appPackage: com.bigbasket.mobileapp, automationName: uiautomator2, deviceName: myphone, platformName: android, platformVersion: 12.0.0, udid: 98dfb6d6}, deviceApiLevel: 31, deviceManufacturer: Xiaomi, deviceModel: M2007J17I, deviceName: 98dfb6d6, deviceScreenDensity: 440, deviceScreenSize: 1080x2400, deviceUDID: 98dfb6d6, javascriptEnabled: true, locationContextEnabled: false, networkConnectionEnabled: true, pixelRatio: 2.75, platform: LINUX, platformName: Android, platformVersion: 12, statBarHeight: 91, takesScreenshot: true, udid: 98dfb6d6, viewportRect: {height: 2174, left: 0, top: 91, width: 1080}, warnings: {}, webStorageEnabled: false}
Session ID: 2d1eff54-2828-4dec-8da1-d756e53b716d
*** Element info: {Using=xpath, value=//androidx.recyclerview.widget.RecyclerView[@resource-id='com.bigbasket.mobileapp:id/listCategory']/android.widget.ImageView[3]}
at org.openqa.selenium.remote.http.W3CHttpResponseCodec.createException(W3CHttpResponseCodec.java:187)
at org.openqa.selenium.remote.http.W3CHttpResponseCodec.decode(W3CHttpResponseCodec.java:122)
at org.openqa.selenium.remote.http.W3CHttpResponseCodec.decode(W3CHttpResponseCodec.java:49)
at org.openqa.selenium.remote.HttpCommandExecutor.execute(HttpCommandExecutor.java:158)
at io.appium.java_client.remote.AppiumCommandExecutor.execute(AppiumCommandExecutor.java:231)
at org.openqa.selenium.remote.RemoteWebDriver.execute(RemoteWebDriver.java:552)
at io.appium.java_client.DefaultGenericMobileDriver.execute(DefaultGenericMobileDriver.java:42)
at io.appium.java_client.AppiumDriver.execute(AppiumDriver.java:1)
at io.appium.java_client.android.AndroidDriver.execute(AndroidDriver.java:1)
at org.openqa.selenium.remote.RemoteWebDriver.findElement(RemoteWebDriver.java:323)
at io.appium.java_client.DefaultGenericMobileDriver.findElement(DefaultGenericMobileDriver.java:62)
at io.appium.java_client.AppiumDriver.findElement(AppiumDriver.java:1)
at io.appium.java_client.android.AndroidDriver.findElement(AndroidDriver.java:1)
at org.openqa.selenium.remote.RemoteWebDriver.findElementByXPath(RemoteWebDriver.java:428)
at io.appium.java_client.DefaultGenericMobileDriver.findElementByXPath(DefaultGenericMobileDriver.java:152)
at io.appium.java_client.AppiumDriver.findElementByXPath(AppiumDriver.java:1)
at io.appium.java_client.android.AndroidDriver.findElementByXPath(AndroidDriver.java:1)
at com.BBapp.test_Scripts.Test006.test6(Test006.java:40)
... Removed 30 stack frames]]>
    </failure>
  </testcase> <!-- test6 -->
  <testcase classname="com.BBapp.test_Scripts.TC_007" name="test07" time="34.601"/>
  <testcase classname="com.BBapp.test_Scripts.Test005" name="test5" time="30.254">
    <failure type="org.openqa.selenium.NoSuchElementException" message="An element could not be located on the page using the given search parameters.
For documentation on this error, please visit: https://www.seleniumhq.org/exceptions/no_such_element.html
Build info: version: &amp;apos;3.141.59&amp;apos;, revision: &amp;apos;e82be7d358&amp;apos;, time: &amp;apos;2018-11-14T08:17:03&amp;apos;
System info: host: &amp;apos;MANIKANTA_A&amp;apos;, ip: &amp;apos;192.168.0.111&amp;apos;, os.name: &amp;apos;Windows 11&amp;apos;, os.arch: &amp;apos;amd64&amp;apos;, os.version: &amp;apos;10.0&amp;apos;, java.version: &amp;apos;17.0.5&amp;apos;
Driver info: io.appium.java_client.android.AndroidDriver
Capabilities {appActivity: com.bigbasket.mobileapp.act..., appPackage: com.bigbasket.mobileapp, automationName: uiautomator2, databaseEnabled: false, desired: {appActivity: com.bigbasket.mobileapp.act..., appPackage: com.bigbasket.mobileapp, automationName: uiautomator2, deviceName: myphone, platformName: android, platformVersion: 12.0.0, udid: 98dfb6d6}, deviceApiLevel: 31, deviceManufacturer: Xiaomi, deviceModel: M2007J17I, deviceName: 98dfb6d6, deviceScreenDensity: 440, deviceScreenSize: 1080x2400, deviceUDID: 98dfb6d6, javascriptEnabled: true, locationContextEnabled: false, networkConnectionEnabled: true, pixelRatio: 2.75, platform: LINUX, platformName: Android, platformVersion: 12, statBarHeight: 91, takesScreenshot: true, udid: 98dfb6d6, viewportRect: {height: 2174, left: 0, top: 91, width: 1080}, warnings: {}, webStorageEnabled: false}
Session ID: f7c73d36-039a-4888-90bc-ccfb7998f483
*** Element info: {Using=xpath, value=//android.widget.TextView[@text=&amp;apos;Continue as guest&amp;apos;]}">
      <![CDATA[org.openqa.selenium.NoSuchElementException: An element could not be located on the page using the given search parameters.
For documentation on this error, please visit: https://www.seleniumhq.org/exceptions/no_such_element.html
Build info: version: '3.141.59', revision: 'e82be7d358', time: '2018-11-14T08:17:03'
System info: host: 'MANIKANTA_A', ip: '192.168.0.111', os.name: 'Windows 11', os.arch: 'amd64', os.version: '10.0', java.version: '17.0.5'
Driver info: io.appium.java_client.android.AndroidDriver
Capabilities {appActivity: com.bigbasket.mobileapp.act..., appPackage: com.bigbasket.mobileapp, automationName: uiautomator2, databaseEnabled: false, desired: {appActivity: com.bigbasket.mobileapp.act..., appPackage: com.bigbasket.mobileapp, automationName: uiautomator2, deviceName: myphone, platformName: android, platformVersion: 12.0.0, udid: 98dfb6d6}, deviceApiLevel: 31, deviceManufacturer: Xiaomi, deviceModel: M2007J17I, deviceName: 98dfb6d6, deviceScreenDensity: 440, deviceScreenSize: 1080x2400, deviceUDID: 98dfb6d6, javascriptEnabled: true, locationContextEnabled: false, networkConnectionEnabled: true, pixelRatio: 2.75, platform: LINUX, platformName: Android, platformVersion: 12, statBarHeight: 91, takesScreenshot: true, udid: 98dfb6d6, viewportRect: {height: 2174, left: 0, top: 91, width: 1080}, warnings: {}, webStorageEnabled: false}
Session ID: f7c73d36-039a-4888-90bc-ccfb7998f483
*** Element info: {Using=xpath, value=//android.widget.TextView[@text='Continue as guest']}
at org.openqa.selenium.remote.http.W3CHttpResponseCodec.createException(W3CHttpResponseCodec.java:187)
at org.openqa.selenium.remote.http.W3CHttpResponseCodec.decode(W3CHttpResponseCodec.java:122)
at org.openqa.selenium.remote.http.W3CHttpResponseCodec.decode(W3CHttpResponseCodec.java:49)
at org.openqa.selenium.remote.HttpCommandExecutor.execute(HttpCommandExecutor.java:158)
at io.appium.java_client.remote.AppiumCommandExecutor.execute(AppiumCommandExecutor.java:231)
at org.openqa.selenium.remote.RemoteWebDriver.execute(RemoteWebDriver.java:552)
at io.appium.java_client.DefaultGenericMobileDriver.execute(DefaultGenericMobileDriver.java:42)
at io.appium.java_client.AppiumDriver.execute(AppiumDriver.java:1)
at io.appium.java_client.android.AndroidDriver.execute(AndroidDriver.java:1)
at org.openqa.selenium.remote.RemoteWebDriver.findElement(RemoteWebDriver.java:323)
at io.appium.java_client.DefaultGenericMobileDriver.findElement(DefaultGenericMobileDriver.java:62)
at io.appium.java_client.AppiumDriver.findElement(AppiumDriver.java:1)
at io.appium.java_client.android.AndroidDriver.findElement(AndroidDriver.java:1)
at org.openqa.selenium.remote.RemoteWebDriver.findElementByXPath(RemoteWebDriver.java:428)
at io.appium.java_client.DefaultGenericMobileDriver.findElementByXPath(DefaultGenericMobileDriver.java:152)
at io.appium.java_client.AppiumDriver.findElementByXPath(AppiumDriver.java:1)
at io.appium.java_client.android.AndroidDriver.findElementByXPath(AndroidDriver.java:1)
at com.BBapp.test_Scripts.Test005.test5(Test005.java:21)
... Removed 30 stack frames]]>
    </failure>
  </testcase> <!-- test5 -->
</testsuite> <!-- Test -->
